<?xml version="1.0" encoding="UTF-8"?>
<testng-results ignored="2" total="4" passed="2" failed="0" skipped="0">
  <reporter-output>
  </reporter-output>
  <suite started-at="2023-07-05T11:29:54 IST" name="Suite" finished-at="2023-07-05T11:30:10 IST" duration-ms="15293">
    <groups>
    </groups>
    <test started-at="2023-07-05T11:29:54 IST" name="Test" finished-at="2023-07-05T11:30:10 IST" duration-ms="15293">
      <class name="com.testcase.TestCase_Login">
        <test-method is-config="true" signature="browser_Launch()[pri:0, instance:com.testcase.TestCase_Login@4d1c005e]" started-at="2023-07-05T11:29:51 IST" name="browser_Launch" finished-at="2023-07-05T11:29:54 IST" duration-ms="3337" status="PASS">
          <reporter-output>
          </reporter-output>
        </test-method> <!-- browser_Launch -->
        <test-method signature="login_Auth()[pri:0, instance:com.testcase.TestCase_Login@4d1c005e]" started-at="2023-07-05T11:29:54 IST" name="login_Auth" finished-at="2023-07-05T11:29:55 IST" duration-ms="258" status="PASS">
          <reporter-output>
          </reporter-output>
        </test-method> <!-- login_Auth -->
        <test-method is-config="true" signature="browser_Quit()[pri:0, instance:com.testcase.TestCase_Login@4d1c005e]" started-at="2023-07-05T11:30:10 IST" name="browser_Quit" finished-at="2023-07-05T11:30:10 IST" duration-ms="0" status="PASS">
          <reporter-output>
          </reporter-output>
        </test-method> <!-- browser_Quit -->
      </class> <!-- com.testcase.TestCase_Login -->
      <class name="com.testcase.TestCase_SeeAll">
        <test-method signature="about()[pri:0, instance:com.testcase.TestCase_SeeAll@7c37508a]" started-at="2023-07-05T11:29:55 IST" name="about" finished-at="2023-07-05T11:30:10 IST" duration-ms="14992" status="PASS">
          <reporter-output>
          </reporter-output>
        </test-method> <!-- about -->
      </class> <!-- com.testcase.TestCase_SeeAll -->
    </test> <!-- Test -->
  </suite> <!-- Suite -->
</testng-results>
