<?xml version="1.0" encoding="UTF-8"?>
<!-- Generated by org.testng.reporters.JUnitXMLReporter -->
<testsuite ignored="2" hostname="DESKTOP-IG79IBO" failures="0" tests="2" name="Test" time="15.293" errors="0" timestamp="2023-07-05T11:30:10 IST">
  <testcase classname="com.testcase.TestCase_Login" name="login_Auth" time="0.258"/>
  <testcase classname="com.testcase.TestCase_SeeAll" name="about" time="14.992"/>
  <testcase classname="com.main.Annai_Main" name="@AfterSuite browser_Quit" time="0.0">
    <ignored/>
  </testcase> <!-- @AfterSuite browser_Quit -->
  <testcase classname="com.main.Annai_Main" name="@BeforeSuite browser_Launch" time="0.0">
    <ignored/>
  </testcase> <!-- @BeforeSuite browser_Launch -->
</testsuite> <!-- Test -->
