<?xml version="1.0" encoding="UTF-8"?>
<testng-results ignored="2" total="4" passed="2" failed="0" skipped="0">
  <reporter-output>
  </reporter-output>
  <suite started-at="2023-07-05T11:35:28 IST" name="Suite" finished-at="2023-07-05T11:35:42 IST" duration-ms="14605">
    <groups>
    </groups>
    <test started-at="2023-07-05T11:35:28 IST" name="Test" finished-at="2023-07-05T11:35:42 IST" duration-ms="14605">
      <class name="com.testcase.TestCase_Login">
        <test-method is-config="true" signature="browser_Launch()[pri:0, instance:com.testcase.TestCase_Login@449a4f23]" started-at="2023-07-05T11:35:23 IST" name="browser_Launch" finished-at="2023-07-05T11:35:28 IST" duration-ms="4732" status="PASS">
          <reporter-output>
          </reporter-output>
        </test-method> <!-- browser_Launch -->
        <test-method signature="login_Auth()[pri:0, instance:com.testcase.TestCase_Login@449a4f23]" started-at="2023-07-05T11:35:28 IST" name="login_Auth" finished-at="2023-07-05T11:35:28 IST" duration-ms="350" status="PASS">
          <reporter-output>
          </reporter-output>
        </test-method> <!-- login_Auth -->
        <test-method is-config="true" signature="browser_Quit()[pri:0, instance:com.testcase.TestCase_Login@449a4f23]" started-at="2023-07-05T11:35:42 IST" name="browser_Quit" finished-at="2023-07-05T11:35:42 IST" duration-ms="1" status="PASS">
          <reporter-output>
          </reporter-output>
        </test-method> <!-- browser_Quit -->
      </class> <!-- com.testcase.TestCase_Login -->
      <class name="com.testcase.TestCase_SeeAll">
        <test-method signature="about()[pri:0, instance:com.testcase.TestCase_SeeAll@8f2ef19]" started-at="2023-07-05T11:35:28 IST" name="about" finished-at="2023-07-05T11:35:42 IST" duration-ms="14203" status="PASS">
          <reporter-output>
          </reporter-output>
        </test-method> <!-- about -->
      </class> <!-- com.testcase.TestCase_SeeAll -->
    </test> <!-- Test -->
  </suite> <!-- Suite -->
</testng-results>
